<?xml version="1.0" encoding="UTF-8"?>
<testng-results skipped="0" failed="0" total="1" passed="1">
  <reporter-output>
  </reporter-output>
  <suite name="All Test Suite" duration-ms="25" started-at="2018-02-01T09:57:11Z" finished-at="2018-02-01T09:57:11Z">
    <groups>
    </groups>
    <test name="E:/TestNg" duration-ms="25" started-at="2018-02-01T09:57:11Z" finished-at="2018-02-01T09:57:11Z">
      <class name="TestNg.BppTest">
        <test-method status="PASS" signature="one()[pri:0, instance:TestNg.BppTest@6bdf28bb]" name="one" duration-ms="11" started-at="2018-02-01T17:57:11Z" finished-at="2018-02-01T17:57:11Z">
          <reporter-output>
          </reporter-output>
        </test-method> <!-- one -->
      </class> <!-- TestNg.BppTest -->
    </test> <!-- E:/TestNg -->
  </suite> <!-- All Test Suite -->
</testng-results>
