<?xml version="1.0" encoding="UTF-8"?>
<testng-results skipped="0" failed="0" total="1" passed="1">
  <reporter-output>
  </reporter-output>
  <suite name="TestNg.BppTest" duration-ms="16" started-at="2018-02-01T10:06:49Z" finished-at="2018-02-01T10:06:49Z">
    <groups>
    </groups>
    <test name="Command line test" duration-ms="16" started-at="2018-02-01T10:06:49Z" finished-at="2018-02-01T10:06:49Z">
      <class name="TestNg.BppTest">
        <test-method status="PASS" signature="two()[pri:0, instance:TestNg.BppTest@33e27ed3]" name="two" duration-ms="7" started-at="2018-02-01T18:06:49Z" finished-at="2018-02-01T18:06:49Z">
          <reporter-output>
          </reporter-output>
        </test-method> <!-- two -->
      </class> <!-- TestNg.BppTest -->
    </test> <!-- Command line test -->
  </suite> <!-- TestNg.BppTest -->
</testng-results>
